#
# There is insufficient memory for the Java Runtime Environment to continue.
# Native memory allocation (malloc) failed to allocate 2097152 bytes for AllocateHeap
# Possible reasons:
#   The system is out of physical RAM or swap space
#   The process is running with CompressedOops enabled, and the Java Heap may be blocking the growth of the native heap
# Possible solutions:
#   Reduce memory load on the system
#   Increase physical memory or swap space
#   Check if swap backing store is full
#   Decrease Java heap size (-Xmx/-Xms)
#   Decrease number of Java threads
#   Decrease Java thread stack sizes (-Xss)
#   Set larger code cache with -XX:ReservedCodeCacheSize=
#   JVM is running with Unscaled Compressed Oops mode in which the Java heap is
#     placed in the first 4GB address space. The Java Heap base address is the
#     maximum limit for the native heap growth. Please use -XX:HeapBaseMinAddress
#     to set the Java Heap base and to place the Java Heap above 4GB virtual address.
# This output file may be truncated or incomplete.
#
#  Out of Memory Error (allocation.cpp:44), pid=14216, tid=8932
#
# JRE version: OpenJDK Runtime Environment (16.0.2+7) (build 16.0.2+7-67)
# Java VM: OpenJDK 64-Bit Server VM (16.0.2+7-67, mixed mode, tiered, compressed oops, compressed class ptrs, g1 gc, windows-amd64)
# No core dump will be written. Minidumps are not enabled by default on client versions of Windows
#

---------------  S U M M A R Y ------------

Command Line: -Dcom.sun.management.jmxremote -Dcom.sun.management.jmxremote.port=52710 -Dcom.sun.management.jmxremote.authenticate=false -Dcom.sun.management.jmxremote.ssl=false -Djava.rmi.server.hostname=localhost -Dspring.jmx.enabled=true -Dspring.application.admin.enabled=true -XX:TieredStopAtLevel=1 -Dspring.boot.project.name=Hierophant -Dfile.encoding=UTF-8 -XX:+ShowCodeDetailsInExceptionMessages com.hierophant.HierophantApplication --spring.output.ansi.enabled=always

Host: Intel(R) Pentium(R) CPU 5405U @ 2.30GHz, 4 cores, 3G,  Windows 10 , 64 bit Build 19041 (10.0.19041.1202)
Time: Sat Oct 16 17:17:30 2021 Eastern Daylight Time elapsed time: 2363.206589 seconds (0d 0h 39m 23s)

---------------  T H R E A D  ---------------

Current thread (0x000002687ee05290):  VMThread "VM Thread" [stack: 0x000000d7e2500000,0x000000d7e2600000] [id=8932]

Stack: [0x000000d7e2500000,0x000000d7e2600000]
Native frames: (J=compiled Java code, j=interpreted, Vv=VM code, C=native code)
V  [jvm.dll+0x6681ca]
V  [jvm.dll+0x7c9e69]
V  [jvm.dll+0x7cb61e]
V  [jvm.dll+0x7cbc73]
V  [jvm.dll+0x242c55]
V  [jvm.dll+0xa8732]
V  [jvm.dll+0x2ed1c1]
V  [jvm.dll+0x2e9114]
V  [jvm.dll+0x2d0fc1]
V  [jvm.dll+0x3153a6]
V  [jvm.dll+0x7d00ab]
V  [jvm.dll+0x7d0da4]
V  [jvm.dll+0x7d12a9]
V  [jvm.dll+0x7d1564]
V  [jvm.dll+0x7d1630]
V  [jvm.dll+0x7795aa]
V  [jvm.dll+0x667066]
C  [ucrtbase.dll+0x21bb2]
C  [KERNEL32.DLL+0x17034]
C  [ntdll.dll+0x52651]

VM_Operation (0x000000d7e4fff330): G1CollectFull, mode: safepoint, requested by thread 0x0000026807230000


---------------  P R O C E S S  ---------------

Threads class SMR info:
_java_thread_list=0x00000268093a1db0, length=33, elements={
0x000002687ee1a250, 0x000002687ee1da50, 0x0000026867f9b4e0, 0x0000026867f9da60,
0x0000026867f9e5d0, 0x000002687ee526d0, 0x000002687ee53780, 0x000002687ee54870,
0x000002687edac720, 0x000002687fa22490, 0x0000026800ff5440, 0x0000026800ffda10,
0x0000026800fff000, 0x0000026801097120, 0x00000268010d9920, 0x000002680135a050,
0x000002680722ab00, 0x000002680722baf0, 0x000002680722c040, 0x000002680722b050,
0x000002680135aaf0, 0x000002680135a5a0, 0x000002680135b590, 0x000002680722dad0,
0x00000268013585c0, 0x00000268013595b0, 0x000002680722eac0, 0x0000026807230550,
0x0000026801358070, 0x0000026801359b00, 0x000002680722f560, 0x0000026807230000,
0x0000026807230aa0
}

Java Threads: ( => current thread )
  0x000002687ee1a250 JavaThread "Reference Handler" daemon [_thread_blocked, id=15092, stack(0x000000d7e2600000,0x000000d7e2700000)]
  0x000002687ee1da50 JavaThread "Finalizer" daemon [_thread_blocked, id=14500, stack(0x000000d7e2700000,0x000000d7e2800000)]
  0x0000026867f9b4e0 JavaThread "Signal Dispatcher" daemon [_thread_blocked, id=11868, stack(0x000000d7e2800000,0x000000d7e2900000)]
  0x0000026867f9da60 JavaThread "Attach Listener" daemon [_thread_blocked, id=10620, stack(0x000000d7e2900000,0x000000d7e2a00000)]
  0x0000026867f9e5d0 JavaThread "Service Thread" daemon [_thread_blocked, id=8956, stack(0x000000d7e2a00000,0x000000d7e2b00000)]
  0x000002687ee526d0 JavaThread "Monitor Deflation Thread" daemon [_thread_blocked, id=5588, stack(0x000000d7e2b00000,0x000000d7e2c00000)]
  0x000002687ee53780 JavaThread "C1 CompilerThread0" daemon [_thread_blocked, id=14244, stack(0x000000d7e2c00000,0x000000d7e2d00000)]
  0x000002687ee54870 JavaThread "Sweeper thread" daemon [_thread_blocked, id=1904, stack(0x000000d7e2d00000,0x000000d7e2e00000)]
  0x000002687edac720 JavaThread "Common-Cleaner" daemon [_thread_blocked, id=6880, stack(0x000000d7e2e00000,0x000000d7e2f00000)]
  0x000002687fa22490 JavaThread "Notification Thread" daemon [_thread_blocked, id=14948, stack(0x000000d7e2f00000,0x000000d7e3000000)]
  0x0000026800ff5440 JavaThread "RMI TCP Accept-0" daemon [_thread_in_native, id=14172, stack(0x000000d7e3400000,0x000000d7e3500000)]
  0x0000026800ffda10 JavaThread "RMI TCP Accept-0" daemon [_thread_in_native, id=7848, stack(0x000000d7e3500000,0x000000d7e3600000)]
  0x0000026800fff000 JavaThread "RMI TCP Accept-52710" daemon [_thread_in_native, id=6428, stack(0x000000d7e3600000,0x000000d7e3700000)]
  0x0000026801097120 JavaThread "RMI Scheduler(0)" daemon [_thread_blocked, id=8912, stack(0x000000d7e3900000,0x000000d7e3a00000)]
  0x00000268010d9920 JavaThread "JMX server connection timeout 21" daemon [_thread_blocked, id=13188, stack(0x000000d7e3b00000,0x000000d7e3c00000)]
  0x000002680135a050 JavaThread "Live Reload Server" daemon [_thread_in_native, id=15276, stack(0x000000d7e4800000,0x000000d7e4900000)]
  0x000002680722ab00 JavaThread "DestroyJavaVM" [_thread_blocked, id=1180, stack(0x000000d7e1f00000,0x000000d7e2000000)]
  0x000002680722baf0 JavaThread "Thread-15" [_thread_blocked, id=7992, stack(0x000000d7e1c00000,0x000000d7e1d00000)]
  0x000002680722c040 JavaThread "File Watcher" daemon [_thread_blocked, id=1484, stack(0x000000d7e1e00000,0x000000d7e1f00000)]
  0x000002680722b050 JavaThread "File Watcher" daemon [_thread_blocked, id=6900, stack(0x000000d7e3c00000,0x000000d7e3d00000)]
  0x000002680135aaf0 JavaThread "File Watcher" daemon [_thread_blocked, id=11444, stack(0x000000d7e4c00000,0x000000d7e4d00000)]
  0x000002680135a5a0 JavaThread "Thread-25" [_thread_blocked, id=11556, stack(0x000000d7e4d00000,0x000000d7e4e00000)]
  0x000002680135b590 JavaThread "File Watcher" daemon [_thread_blocked, id=7344, stack(0x000000d7e3e00000,0x000000d7e3f00000)]
  0x000002680722dad0 JavaThread "File Watcher" daemon [_thread_blocked, id=11112, stack(0x000000d7e4000000,0x000000d7e4100000)]
  0x00000268013585c0 JavaThread "Thread-34" [_thread_blocked, id=11436, stack(0x000000d7e4200000,0x000000d7e4300000)]
  0x00000268013595b0 JavaThread "File Watcher" daemon [_thread_blocked, id=11636, stack(0x000000d7e3a00000,0x000000d7e3b00000)]
  0x000002680722eac0 JavaThread "File Watcher" daemon [_thread_blocked, id=12128, stack(0x000000d7e3f00000,0x000000d7e4000000)]
  0x0000026807230550 JavaThread "RMI TCP Connection(72)-127.0.0.1" daemon [_thread_in_native, id=3532, stack(0x000000d7e5300000,0x000000d7e5400000)]
  0x0000026801358070 JavaThread "File Watcher" daemon [_thread_blocked, id=4680, stack(0x000000d7e4100000,0x000000d7e4200000)]
  0x0000026801359b00 JavaThread "restartedMain" [_thread_blocked, id=7036, stack(0x000000d7e4900000,0x000000d7e4a00000)]
  0x000002680722f560 JavaThread "restartedMain" [_thread_blocked, id=6660, stack(0x000000d7e4a00000,0x000000d7e4b00000)]
  0x0000026807230000 JavaThread "Thread-43" [_thread_blocked, id=14164, stack(0x000000d7e4f00000,0x000000d7e5000000)]
  0x0000026807230aa0 JavaThread "File Watcher" daemon [_thread_blocked, id=9224, stack(0x000000d7e1d00000,0x000000d7e1e00000)]

Other Threads:
=>0x000002687ee05290 VMThread "VM Thread" [stack: 0x000000d7e2500000,0x000000d7e2600000] [id=8932]
  0x0000026867edc670 WatcherThread [stack: 0x000000d7e3700000,0x000000d7e3800000] [id=6272]
  0x0000026867f0d760 GCTaskThread "GC Thread#0" [stack: 0x000000d7e2000000,0x000000d7e2100000] [id=14704]
  0x0000026800532c10 GCTaskThread "GC Thread#1" [stack: 0x000000d7e3000000,0x000000d7e3100000] [id=14188]
  0x00000268005e2960 GCTaskThread "GC Thread#2" [stack: 0x000000d7e3100000,0x000000d7e3200000] [id=14300]
  0x00000268005e3080 GCTaskThread "GC Thread#3" [stack: 0x000000d7e3200000,0x000000d7e3300000] [id=7296]
  0x0000026867f16430 ConcurrentGCThread "G1 Main Marker" [stack: 0x000000d7e2100000,0x000000d7e2200000] [id=14512]
  0x0000026867f16e30 ConcurrentGCThread "G1 Conc#0" [stack: 0x000000d7e2200000,0x000000d7e2300000] [id=13388]
  0x0000026867f65190 ConcurrentGCThread "G1 Refine#0" [stack: 0x000000d7e2300000,0x000000d7e2400000] [id=10088]
  0x00000268005aa060 ConcurrentGCThread "G1 Refine#1" [stack: 0x000000d7e3300000,0x000000d7e3400000] [id=13848]
  0x0000026807a22690 ConcurrentGCThread "G1 Refine#2" [stack: 0x000000d7e3800000,0x000000d7e3900000] [id=8024]
  0x0000026807a23d50 ConcurrentGCThread "G1 Refine#3" [stack: 0x000000d7e4e00000,0x000000d7e4f00000] [id=11228]
  0x0000026867f65b20 ConcurrentGCThread "G1 Service" [stack: 0x000000d7e2400000,0x000000d7e2500000] [id=13412]

Threads with active compile tasks:

VM state: at safepoint (normal execution)

VM Mutex/Monitor currently owned by a thread:  ([mutex/lock_event])
[0x0000026867ed83c0] Threads_lock - owner thread: 0x000002687ee05290
[0x0000026867ed6cb0] Heap_lock - owner thread: 0x0000026807230000

Heap address: 0x00000000c1c00000, size: 996 MB, Compressed Oops mode: 32-bit

CDS disabled.
Compressed class space mapped at: 0x0000000100000000-0x0000000140000000, reserved size: 1073741824
Narrow klass base: 0x0000000000000000, Narrow klass shift: 3, Narrow klass range: 0x140000000

GC Precious Log:
 CPUs: 4 total, 4 available
 Memory: 3976M
 Large Page Support: Disabled
 NUMA Support: Disabled
 Compressed Oops: Enabled (32-bit)
 Heap Region Size: 1M
 Heap Min Capacity: 8M
 Heap Initial Capacity: 64M
 Heap Max Capacity: 996M
 Pre-touch: Disabled
 Parallel Workers: 4
 Concurrent Workers: 1
 Concurrent Refinement Workers: 4
 Periodic GC: Disabled

Heap:
 garbage-first heap   total 212992K, used 98789K [0x00000000c1c00000, 0x0000000100000000)
  region size 1024K, 6 young (6144K), 2 survivors (2048K)
 Metaspace       used 90933K, committed 91968K, reserved 1130496K
  class space    used 12180K, committed 12672K, reserved 1048576K

Heap Regions: E=young(eden), S=young(survivor), O=old, HS=humongous(starts), HC=humongous(continues), CS=collection set, F=free, OA=open archive, CA=closed archive, TAMS=top-at-mark-start (previous, next)
|   0|0x00000000c1c00000, 0x00000000c1cf7470, 0x00000000c1d00000| 96%| O|  |TAMS 0x00000000c1cf7470, 0x00000000c1cf7470| Untracked 
|   1|0x00000000c1d00000, 0x00000000c1dfe930, 0x00000000c1e00000| 99%| O|  |TAMS 0x00000000c1dfe930, 0x00000000c1dfe930| Untracked 
|   2|0x00000000c1e00000, 0x00000000c1efffd0, 0x00000000c1f00000| 99%| O|  |TAMS 0x00000000c1efffd0, 0x00000000c1efffd0| Untracked 
|   3|0x00000000c1f00000, 0x00000000c1ffffc8, 0x00000000c2000000| 99%| O|  |TAMS 0x00000000c1ffffc8, 0x00000000c1ffffc8| Untracked 
|   4|0x00000000c2000000, 0x00000000c20fb6f8, 0x00000000c2100000| 98%| O|  |TAMS 0x00000000c20fb6f8, 0x00000000c20fb6f8| Untracked 
|   5|0x00000000c2100000, 0x00000000c21ffc68, 0x00000000c2200000| 99%| O|  |TAMS 0x00000000c21ffc68, 0x00000000c21ffc68| Untracked 
|   6|0x00000000c2200000, 0x00000000c22fdc28, 0x00000000c2300000| 99%| O|  |TAMS 0x00000000c22fdc28, 0x00000000c22fdc28| Untracked 
|   7|0x00000000c2300000, 0x00000000c23fffd8, 0x00000000c2400000| 99%| O|  |TAMS 0x00000000c23fffd8, 0x00000000c23fffd8| Untracked 
|   8|0x00000000c2400000, 0x00000000c24f9d08, 0x00000000c2500000| 97%| O|  |TAMS 0x00000000c24f9d08, 0x00000000c24f9d08| Untracked 
|   9|0x00000000c2500000, 0x00000000c2600000, 0x00000000c2600000|100%| O|  |TAMS 0x00000000c2600000, 0x00000000c2600000| Untracked 
|  10|0x00000000c2600000, 0x00000000c26fcfa8, 0x00000000c2700000| 98%| O|  |TAMS 0x00000000c26fcfa8, 0x00000000c26fcfa8| Untracked 
|  11|0x00000000c2700000, 0x00000000c27fe0e0, 0x00000000c2800000| 99%| O|  |TAMS 0x00000000c27fe0e0, 0x00000000c27fe0e0| Untracked 
|  12|0x00000000c2800000, 0x00000000c28fffc0, 0x00000000c2900000| 99%| O|  |TAMS 0x00000000c28fffc0, 0x00000000c28fffc0| Untracked 
|  13|0x00000000c2900000, 0x00000000c29fe178, 0x00000000c2a00000| 99%| O|  |TAMS 0x00000000c29fe178, 0x00000000c29fe178| Untracked 
|  14|0x00000000c2a00000, 0x00000000c2afa978, 0x00000000c2b00000| 97%| O|  |TAMS 0x00000000c2afa978, 0x00000000c2afa978| Untracked 
|  15|0x00000000c2b00000, 0x00000000c2be9d80, 0x00000000c2c00000| 91%| O|  |TAMS 0x00000000c2be9d80, 0x00000000c2be9d80| Untracked 
|  16|0x00000000c2c00000, 0x00000000c2d00000, 0x00000000c2d00000|100%|HS|  |TAMS 0x00000000c2d00000, 0x00000000c2d00000| Complete 
|  17|0x00000000c2d00000, 0x00000000c2dfe680, 0x00000000c2e00000| 99%| O|  |TAMS 0x00000000c2dfe680, 0x00000000c2dfe680| Untracked 
|  18|0x00000000c2e00000, 0x00000000c2f00000, 0x00000000c2f00000|100%| O|  |TAMS 0x00000000c2f00000, 0x00000000c2f00000| Untracked 
|  19|0x00000000c2f00000, 0x00000000c2fffff0, 0x00000000c3000000| 99%| O|  |TAMS 0x00000000c2fffff0, 0x00000000c2fffff0| Untracked 
|  20|0x00000000c3000000, 0x00000000c30ffca0, 0x00000000c3100000| 99%| O|  |TAMS 0x00000000c30ffca0, 0x00000000c30ffca0| Untracked 
|  21|0x00000000c3100000, 0x00000000c31ffff8, 0x00000000c3200000| 99%| O|  |TAMS 0x00000000c31ffff8, 0x00000000c31ffff8| Untracked 
|  22|0x00000000c3200000, 0x00000000c32ffff8, 0x00000000c3300000| 99%| O|  |TAMS 0x00000000c32ffff8, 0x00000000c32ffff8| Untracked 
|  23|0x00000000c3300000, 0x00000000c33ffff0, 0x00000000c3400000| 99%| O|  |TAMS 0x00000000c33ffff0, 0x00000000c33ffff0| Untracked 
|  24|0x00000000c3400000, 0x00000000c34fffa0, 0x00000000c3500000| 99%| O|  |TAMS 0x00000000c34fffa0, 0x00000000c34fffa0| Untracked 
|  25|0x00000000c3500000, 0x00000000c35fffd0, 0x00000000c3600000| 99%| O|  |TAMS 0x00000000c35fffd0, 0x00000000c35fffd0| Untracked 
|  26|0x00000000c3600000, 0x00000000c36fffb8, 0x00000000c3700000| 99%| O|  |TAMS 0x00000000c36fffb8, 0x00000000c36fffb8| Untracked 
|  27|0x00000000c3700000, 0x00000000c3800000, 0x00000000c3800000|100%| O|  |TAMS 0x00000000c3800000, 0x00000000c3800000| Untracked 
|  28|0x00000000c3800000, 0x00000000c38fffb0, 0x00000000c3900000| 99%| O|  |TAMS 0x00000000c38fffb0, 0x00000000c38fffb0| Untracked 
|  29|0x00000000c3900000, 0x00000000c3a00000, 0x00000000c3a00000|100%| O|  |TAMS 0x00000000c3a00000, 0x00000000c3a00000| Untracked 
|  30|0x00000000c3a00000, 0x00000000c3affff8, 0x00000000c3b00000| 99%| O|  |TAMS 0x00000000c3affff8, 0x00000000c3affff8| Untracked 
|  31|0x00000000c3b00000, 0x00000000c3bf79b8, 0x00000000c3c00000| 96%| O|  |TAMS 0x00000000c3bf79b8, 0x00000000c3bf79b8| Untracked 
|  32|0x00000000c3c00000, 0x00000000c3cfffb0, 0x00000000c3d00000| 99%| O|  |TAMS 0x00000000c3cfffb0, 0x00000000c3cfffb0| Untracked 
|  33|0x00000000c3d00000, 0x00000000c3dffff0, 0x00000000c3e00000| 99%| O|  |TAMS 0x00000000c3dffff0, 0x00000000c3dffff0| Untracked 
|  34|0x00000000c3e00000, 0x00000000c3effff8, 0x00000000c3f00000| 99%| O|  |TAMS 0x00000000c3effff8, 0x00000000c3effff8| Untracked 
|  35|0x00000000c3f00000, 0x00000000c3fffff0, 0x00000000c4000000| 99%| O|  |TAMS 0x00000000c3fffff0, 0x00000000c3fffff0| Untracked 
|  36|0x00000000c4000000, 0x00000000c4100000, 0x00000000c4100000|100%| O|  |TAMS 0x00000000c4100000, 0x00000000c4100000| Untracked 
|  37|0x00000000c4100000, 0x00000000c4200000, 0x00000000c4200000|100%| O|  |TAMS 0x00000000c4200000, 0x00000000c4200000| Untracked 
|  38|0x00000000c4200000, 0x00000000c42fffd0, 0x00000000c4300000| 99%| O|  |TAMS 0x00000000c42fffd0, 0x00000000c42fffd0| Untracked 
|  39|0x00000000c4300000, 0x00000000c43fa830, 0x00000000c4400000| 97%| O|  |TAMS 0x00000000c43fa830, 0x00000000c43fa830| Untracked 
|  40|0x00000000c4400000, 0x00000000c44fffe8, 0x00000000c4500000| 99%| O|  |TAMS 0x00000000c44fffe8, 0x00000000c44fffe8| Untracked 
|  41|0x00000000c4500000, 0x00000000c45ffff8, 0x00000000c4600000| 99%| O|  |TAMS 0x00000000c45ffff8, 0x00000000c45ffff8| Untracked 
|  42|0x00000000c4600000, 0x00000000c46fffe0, 0x00000000c4700000| 99%| O|  |TAMS 0x00000000c46fffe0, 0x00000000c46fffe0| Untracked 
|  43|0x00000000c4700000, 0x00000000c47ffff0, 0x00000000c4800000| 99%| O|  |TAMS 0x00000000c47ffff0, 0x00000000c47ffff0| Untracked 
|  44|0x00000000c4800000, 0x00000000c48ffff8, 0x00000000c4900000| 99%| O|  |TAMS 0x00000000c48ffff8, 0x00000000c48ffff8| Untracked 
|  45|0x00000000c4900000, 0x00000000c4a00000, 0x00000000c4a00000|100%| O|  |TAMS 0x00000000c4a00000, 0x00000000c4a00000| Untracked 
|  46|0x00000000c4a00000, 0x00000000c4b00000, 0x00000000c4b00000|100%| O|  |TAMS 0x00000000c4b00000, 0x00000000c4b00000| Untracked 
|  47|0x00000000c4b00000, 0x00000000c4bfffc0, 0x00000000c4c00000| 99%| O|  |TAMS 0x00000000c4bfffc0, 0x00000000c4bfffc0| Untracked 
|  48|0x00000000c4c00000, 0x00000000c4cfffe0, 0x00000000c4d00000| 99%| O|  |TAMS 0x00000000c4cfffe0, 0x00000000c4cfffe0| Untracked 
|  49|0x00000000c4d00000, 0x00000000c4dffff8, 0x00000000c4e00000| 99%| O|  |TAMS 0x00000000c4dffff8, 0x00000000c4dffff8| Untracked 
|  50|0x00000000c4e00000, 0x00000000c4efd7f8, 0x00000000c4f00000| 99%| O|  |TAMS 0x00000000c4efd7f8, 0x00000000c4efd7f8| Untracked 
|  51|0x00000000c4f00000, 0x00000000c4ffffe8, 0x00000000c5000000| 99%| O|  |TAMS 0x00000000c4ffffe8, 0x00000000c4ffffe8| Untracked 
|  52|0x00000000c5000000, 0x00000000c50fffc8, 0x00000000c5100000| 99%| O|  |TAMS 0x00000000c50fffc8, 0x00000000c50fffc8| Untracked 
|  53|0x00000000c5100000, 0x00000000c51fffe8, 0x00000000c5200000| 99%| O|  |TAMS 0x00000000c51fffe8, 0x00000000c51fffe8| Untracked 
|  54|0x00000000c5200000, 0x00000000c52ffff0, 0x00000000c5300000| 99%| O|  |TAMS 0x00000000c52ffff0, 0x00000000c52ffff0| Untracked 
|  55|0x00000000c5300000, 0x00000000c53fffb0, 0x00000000c5400000| 99%| O|  |TAMS 0x00000000c53fffb0, 0x00000000c53fffb0| Untracked 
|  56|0x00000000c5400000, 0x00000000c54fffe8, 0x00000000c5500000| 99%| O|  |TAMS 0x00000000c54fffe8, 0x00000000c54fffe8| Untracked 
|  57|0x00000000c5500000, 0x00000000c55fee88, 0x00000000c5600000| 99%| O|  |TAMS 0x00000000c55fee88, 0x00000000c55fee88| Untracked 
|  58|0x00000000c5600000, 0x00000000c56fffe8, 0x00000000c5700000| 99%| O|  |TAMS 0x00000000c56fffe8, 0x00000000c56fffe8| Untracked 
|  59|0x00000000c5700000, 0x00000000c5800000, 0x00000000c5800000|100%| O|  |TAMS 0x00000000c5800000, 0x00000000c5800000| Untracked 
|  60|0x00000000c5800000, 0x00000000c58ffff0, 0x00000000c5900000| 99%| O|  |TAMS 0x00000000c58ffff0, 0x00000000c58ffff0| Untracked 
|  61|0x00000000c5900000, 0x00000000c59ffff0, 0x00000000c5a00000| 99%| O|  |TAMS 0x00000000c59ffff0, 0x00000000c59ffff0| Untracked 
|  62|0x00000000c5a00000, 0x00000000c5afffd8, 0x00000000c5b00000| 99%| O|  |TAMS 0x00000000c5afffd8, 0x00000000c5afffd8| Untracked 
|  63|0x00000000c5b00000, 0x00000000c5bffff8, 0x00000000c5c00000| 99%| O|  |TAMS 0x00000000c5bffff8, 0x00000000c5bffff8| Untracked 
|  64|0x00000000c5c00000, 0x00000000c5cfc310, 0x00000000c5d00000| 98%| O|  |TAMS 0x00000000c5cfc310, 0x00000000c5cfc310| Untracked 
|  65|0x00000000c5d00000, 0x00000000c5e00000, 0x00000000c5e00000|100%| O|  |TAMS 0x00000000c5e00000, 0x00000000c5e00000| Untracked 
|  66|0x00000000c5e00000, 0x00000000c5efffe8, 0x00000000c5f00000| 99%| O|  |TAMS 0x00000000c5efffe8, 0x00000000c5efffe8| Untracked 
|  67|0x00000000c5f00000, 0x00000000c6000000, 0x00000000c6000000|100%| O|  |TAMS 0x00000000c6000000, 0x00000000c6000000| Untracked 
|  68|0x00000000c6000000, 0x00000000c6100000, 0x00000000c6100000|100%| O|  |TAMS 0x00000000c6100000, 0x00000000c6100000| Untracked 
|  69|0x00000000c6100000, 0x00000000c61bda90, 0x00000000c6200000| 74%| O|  |TAMS 0x00000000c61bda90, 0x00000000c61bda90| Untracked 
|  70|0x00000000c6200000, 0x00000000c6300000, 0x00000000c6300000|100%| O|  |TAMS 0x00000000c6300000, 0x00000000c6300000| Untracked 
|  71|0x00000000c6300000, 0x00000000c63fffe8, 0x00000000c6400000| 99%| O|  |TAMS 0x00000000c63fffe8, 0x00000000c63fffe8| Untracked 
|  72|0x00000000c6400000, 0x00000000c649deb8, 0x00000000c6500000| 61%| O|  |TAMS 0x00000000c649deb8, 0x00000000c649deb8| Untracked 
|  73|0x00000000c6500000, 0x00000000c6600000, 0x00000000c6600000|100%| O|  |TAMS 0x00000000c6600000, 0x00000000c6600000| Untracked 
|  74|0x00000000c6600000, 0x00000000c66a6bb0, 0x00000000c6700000| 65%| O|  |TAMS 0x00000000c66a6bb0, 0x00000000c66a6bb0| Untracked 
|  75|0x00000000c6700000, 0x00000000c6790bc0, 0x00000000c6800000| 56%| O|  |TAMS 0x00000000c6790bc0, 0x00000000c6790bc0| Untracked 
|  76|0x00000000c6800000, 0x00000000c6900000, 0x00000000c6900000|100%| O|  |TAMS 0x00000000c6900000, 0x00000000c6900000| Untracked 
|  77|0x00000000c6900000, 0x00000000c6a00000, 0x00000000c6a00000|100%| O|  |TAMS 0x00000000c6a00000, 0x00000000c6a00000| Untracked 
|  78|0x00000000c6a00000, 0x00000000c6b00000, 0x00000000c6b00000|100%| O|  |TAMS 0x00000000c6b00000, 0x00000000c6b00000| Untracked 
|  79|0x00000000c6b00000, 0x00000000c6c00000, 0x00000000c6c00000|100%| O|  |TAMS 0x00000000c6c00000, 0x00000000c6c00000| Untracked 
|  80|0x00000000c6c00000, 0x00000000c6d00000, 0x00000000c6d00000|100%| O|  |TAMS 0x00000000c6d00000, 0x00000000c6d00000| Untracked 
|  81|0x00000000c6d00000, 0x00000000c6e00000, 0x00000000c6e00000|100%| O|  |TAMS 0x00000000c6e00000, 0x00000000c6e00000| Untracked 
|  82|0x00000000c6e00000, 0x00000000c6f00000, 0x00000000c6f00000|100%| O|  |TAMS 0x00000000c6f00000, 0x00000000c6f00000| Untracked 
|  83|0x00000000c6f00000, 0x00000000c7000000, 0x00000000c7000000|100%| O|  |TAMS 0x00000000c7000000, 0x00000000c7000000| Untracked 
|  84|0x00000000c7000000, 0x00000000c7100000, 0x00000000c7100000|100%| O|  |TAMS 0x00000000c7100000, 0x00000000c7100000| Untracked 
|  85|0x00000000c7100000, 0x00000000c7200000, 0x00000000c7200000|100%| O|  |TAMS 0x00000000c7200000, 0x00000000c7200000| Untracked 
|  86|0x00000000c7200000, 0x00000000c7300000, 0x00000000c7300000|100%| O|  |TAMS 0x00000000c7300000, 0x00000000c7300000| Untracked 
|  87|0x00000000c7300000, 0x00000000c7400000, 0x00000000c7400000|100%| O|  |TAMS 0x00000000c7400000, 0x00000000c7400000| Untracked 
|  88|0x00000000c7400000, 0x00000000c7500000, 0x00000000c7500000|100%| O|  |TAMS 0x00000000c7500000, 0x00000000c7500000| Untracked 
|  89|0x00000000c7500000, 0x00000000c7600000, 0x00000000c7600000|100%| O|  |TAMS 0x00000000c7600000, 0x00000000c7600000| Untracked 
|  90|0x00000000c7600000, 0x00000000c7700000, 0x00000000c7700000|100%| O|  |TAMS 0x00000000c7700000, 0x00000000c7700000| Untracked 
|  91|0x00000000c7700000, 0x00000000c7800000, 0x00000000c7800000|100%| O|  |TAMS 0x00000000c7800000, 0x00000000c7800000| Untracked 
|  92|0x00000000c7800000, 0x00000000c7900000, 0x00000000c7900000|100%| O|  |TAMS 0x00000000c7900000, 0x00000000c7900000| Untracked 
|  93|0x00000000c7900000, 0x00000000c79d2000, 0x00000000c7a00000| 82%| O|  |TAMS 0x00000000c79d2000, 0x00000000c79d2000| Untracked 
|  94|0x00000000c7a00000, 0x00000000c7a00000, 0x00000000c7b00000|  0%| F|  |TAMS 0x00000000c7a00000, 0x00000000c7a00000| Untracked 
|  95|0x00000000c7b00000, 0x00000000c7b00000, 0x00000000c7c00000|  0%| F|  |TAMS 0x00000000c7b00000, 0x00000000c7b00000| Untracked 
|  96|0x00000000c7c00000, 0x00000000c7c00000, 0x00000000c7d00000|  0%| F|  |TAMS 0x00000000c7c00000, 0x00000000c7c00000| Untracked 
|  97|0x00000000c7d00000, 0x00000000c7d00000, 0x00000000c7e00000|  0%| F|  |TAMS 0x00000000c7d00000, 0x00000000c7d00000| Untracked 
|  98|0x00000000c7e00000, 0x00000000c7e00000, 0x00000000c7f00000|  0%| F|  |TAMS 0x00000000c7e00000, 0x00000000c7e00000| Untracked 
|  99|0x00000000c7f00000, 0x00000000c7f00000, 0x00000000c8000000|  0%| F|  |TAMS 0x00000000c7f00000, 0x00000000c7f00000| Untracked 
| 100|0x00000000c8000000, 0x00000000c8000000, 0x00000000c8100000|  0%| F|  |TAMS 0x00000000c8000000, 0x00000000c8000000| Untracked 
| 101|0x00000000c8100000, 0x00000000c8100000, 0x00000000c8200000|  0%| F|  |TAMS 0x00000000c8100000, 0x00000000c8100000| Untracked 
| 102|0x00000000c8200000, 0x00000000c8200000, 0x00000000c8300000|  0%| F|  |TAMS 0x00000000c8200000, 0x00000000c8200000| Untracked 
| 103|0x00000000c8300000, 0x00000000c8300000, 0x00000000c8400000|  0%| F|  |TAMS 0x00000000c8300000, 0x00000000c8300000| Untracked 
| 104|0x00000000c8400000, 0x00000000c8400000, 0x00000000c8500000|  0%| F|  |TAMS 0x00000000c8400000, 0x00000000c8400000| Untracked 
| 105|0x00000000c8500000, 0x00000000c8500000, 0x00000000c8600000|  0%| F|  |TAMS 0x00000000c8500000, 0x00000000c8500000| Untracked 
| 106|0x00000000c8600000, 0x00000000c8600000, 0x00000000c8700000|  0%| F|  |TAMS 0x00000000c8600000, 0x00000000c8600000| Untracked 
| 107|0x00000000c8700000, 0x00000000c8700000, 0x00000000c8800000|  0%| F|  |TAMS 0x00000000c8700000, 0x00000000c8700000| Untracked 
| 108|0x00000000c8800000, 0x00000000c8800000, 0x00000000c8900000|  0%| F|  |TAMS 0x00000000c8800000, 0x00000000c8800000| Untracked 
| 109|0x00000000c8900000, 0x00000000c8900000, 0x00000000c8a00000|  0%| F|  |TAMS 0x00000000c8900000, 0x00000000c8900000| Untracked 
| 110|0x00000000c8a00000, 0x00000000c8a00000, 0x00000000c8b00000|  0%| F|  |TAMS 0x00000000c8a00000, 0x00000000c8a00000| Untracked 
| 111|0x00000000c8b00000, 0x00000000c8b00000, 0x00000000c8c00000|  0%| F|  |TAMS 0x00000000c8b00000, 0x00000000c8b00000| Untracked 
| 112|0x00000000c8c00000, 0x00000000c8c00000, 0x00000000c8d00000|  0%| F|  |TAMS 0x00000000c8c00000, 0x00000000c8c00000| Untracked 
| 113|0x00000000c8d00000, 0x00000000c8d00000, 0x00000000c8e00000|  0%| F|  |TAMS 0x00000000c8d00000, 0x00000000c8d00000| Untracked 
| 114|0x00000000c8e00000, 0x00000000c8e00000, 0x00000000c8f00000|  0%| F|  |TAMS 0x00000000c8e00000, 0x00000000c8e00000| Untracked 
| 115|0x00000000c8f00000, 0x00000000c8f00000, 0x00000000c9000000|  0%| F|  |TAMS 0x00000000c8f00000, 0x00000000c8f00000| Untracked 
| 116|0x00000000c9000000, 0x00000000c9000000, 0x00000000c9100000|  0%| F|  |TAMS 0x00000000c9000000, 0x00000000c9000000| Untracked 
| 117|0x00000000c9100000, 0x00000000c9100000, 0x00000000c9200000|  0%| F|  |TAMS 0x00000000c9100000, 0x00000000c9100000| Untracked 
| 118|0x00000000c9200000, 0x00000000c9200000, 0x00000000c9300000|  0%| F|  |TAMS 0x00000000c9200000, 0x00000000c9200000| Untracked 
| 119|0x00000000c9300000, 0x00000000c9365800, 0x00000000c9400000| 39%| S|CS|TAMS 0x00000000c9300000, 0x00000000c9300000| Complete 
| 120|0x00000000c9400000, 0x00000000c9500000, 0x00000000c9500000|100%| S|CS|TAMS 0x00000000c9400000, 0x00000000c9400000| Complete 
| 121|0x00000000c9500000, 0x00000000c9500000, 0x00000000c9600000|  0%| F|  |TAMS 0x00000000c9500000, 0x00000000c9500000| Untracked 
| 122|0x00000000c9600000, 0x00000000c9600000, 0x00000000c9700000|  0%| F|  |TAMS 0x00000000c9600000, 0x00000000c9600000| Untracked 
| 123|0x00000000c9700000, 0x00000000c9700000, 0x00000000c9800000|  0%| F|  |TAMS 0x00000000c9700000, 0x00000000c9700000| Untracked 
| 124|0x00000000c9800000, 0x00000000c9800000, 0x00000000c9900000|  0%| F|  |TAMS 0x00000000c9800000, 0x00000000c9800000| Untracked 
| 125|0x00000000c9900000, 0x00000000c9900000, 0x00000000c9a00000|  0%| F|  |TAMS 0x00000000c9900000, 0x00000000c9900000| Untracked 
| 126|0x00000000c9a00000, 0x00000000c9a00000, 0x00000000c9b00000|  0%| F|  |TAMS 0x00000000c9a00000, 0x00000000c9a00000| Untracked 
| 127|0x00000000c9b00000, 0x00000000c9b00000, 0x00000000c9c00000|  0%| F|  |TAMS 0x00000000c9b00000, 0x00000000c9b00000| Untracked 
| 128|0x00000000c9c00000, 0x00000000c9c00000, 0x00000000c9d00000|  0%| F|  |TAMS 0x00000000c9c00000, 0x00000000c9c00000| Untracked 
| 129|0x00000000c9d00000, 0x00000000c9d00000, 0x00000000c9e00000|  0%| F|  |TAMS 0x00000000c9d00000, 0x00000000c9d00000| Untracked 
| 130|0x00000000c9e00000, 0x00000000c9e00000, 0x00000000c9f00000|  0%| F|  |TAMS 0x00000000c9e00000, 0x00000000c9e00000| Untracked 
| 131|0x00000000c9f00000, 0x00000000c9f00000, 0x00000000ca000000|  0%| F|  |TAMS 0x00000000c9f00000, 0x00000000c9f00000| Untracked 
| 132|0x00000000ca000000, 0x00000000ca000000, 0x00000000ca100000|  0%| F|  |TAMS 0x00000000ca000000, 0x00000000ca000000| Untracked 
| 133|0x00000000ca100000, 0x00000000ca100000, 0x00000000ca200000|  0%| F|  |TAMS 0x00000000ca100000, 0x00000000ca100000| Untracked 
| 134|0x00000000ca200000, 0x00000000ca200000, 0x00000000ca300000|  0%| F|  |TAMS 0x00000000ca200000, 0x00000000ca200000| Untracked 
| 135|0x00000000ca300000, 0x00000000ca300000, 0x00000000ca400000|  0%| F|  |TAMS 0x00000000ca300000, 0x00000000ca300000| Untracked 
| 136|0x00000000ca400000, 0x00000000ca400000, 0x00000000ca500000|  0%| F|  |TAMS 0x00000000ca400000, 0x00000000ca400000| Untracked 
| 137|0x00000000ca500000, 0x00000000ca500000, 0x00000000ca600000|  0%| F|  |TAMS 0x00000000ca500000, 0x00000000ca500000| Untracked 
| 138|0x00000000ca600000, 0x00000000ca600000, 0x00000000ca700000|  0%| F|  |TAMS 0x00000000ca600000, 0x00000000ca600000| Untracked 
| 139|0x00000000ca700000, 0x00000000ca700000, 0x00000000ca800000|  0%| F|  |TAMS 0x00000000ca700000, 0x00000000ca700000| Untracked 
| 140|0x00000000ca800000, 0x00000000ca800000, 0x00000000ca900000|  0%| F|  |TAMS 0x00000000ca800000, 0x00000000ca800000| Untracked 
| 141|0x00000000ca900000, 0x00000000ca900000, 0x00000000caa00000|  0%| F|  |TAMS 0x00000000ca900000, 0x00000000ca900000| Untracked 
| 142|0x00000000caa00000, 0x00000000caa00000, 0x00000000cab00000|  0%| F|  |TAMS 0x00000000caa00000, 0x00000000caa00000| Untracked 
| 143|0x00000000cab00000, 0x00000000cab00000, 0x00000000cac00000|  0%| F|  |TAMS 0x00000000cab00000, 0x00000000cab00000| Untracked 
| 144|0x00000000cac00000, 0x00000000cac00000, 0x00000000cad00000|  0%| F|  |TAMS 0x00000000cac00000, 0x00000000cac00000| Untracked 
| 145|0x00000000cad00000, 0x00000000cad00000, 0x00000000cae00000|  0%| F|  |TAMS 0x00000000cad00000, 0x00000000cad00000| Untracked 
| 146|0x00000000cae00000, 0x00000000cae00000, 0x00000000caf00000|  0%| F|  |TAMS 0x00000000cae00000, 0x00000000cae00000| Untracked 
| 147|0x00000000caf00000, 0x00000000caf00000, 0x00000000cb000000|  0%| F|  |TAMS 0x00000000caf00000, 0x00000000caf00000| Untracked 
| 148|0x00000000cb000000, 0x00000000cb000000, 0x00000000cb100000|  0%| F|  |TAMS 0x00000000cb000000, 0x00000000cb000000| Untracked 
| 149|0x00000000cb100000, 0x00000000cb100000, 0x00000000cb200000|  0%| F|  |TAMS 0x00000000cb100000, 0x00000000cb100000| Untracked 
| 150|0x00000000cb200000, 0x00000000cb200000, 0x00000000cb300000|  0%| F|  |TAMS 0x00000000cb200000, 0x00000000cb200000| Untracked 
| 151|0x00000000cb300000, 0x00000000cb300000, 0x00000000cb400000|  0%| F|  |TAMS 0x00000000cb300000, 0x00000000cb300000| Untracked 
| 152|0x00000000cb400000, 0x00000000cb400000, 0x00000000cb500000|  0%| F|  |TAMS 0x00000000cb400000, 0x00000000cb400000| Untracked 
| 153|0x00000000cb500000, 0x00000000cb500000, 0x00000000cb600000|  0%| F|  |TAMS 0x00000000cb500000, 0x00000000cb500000| Untracked 
| 154|0x00000000cb600000, 0x00000000cb600000, 0x00000000cb700000|  0%| F|  |TAMS 0x00000000cb600000, 0x00000000cb600000| Untracked 
| 155|0x00000000cb700000, 0x00000000cb700000, 0x00000000cb800000|  0%| F|  |TAMS 0x00000000cb700000, 0x00000000cb700000| Untracked 
| 156|0x00000000cb800000, 0x00000000cb800000, 0x00000000cb900000|  0%| F|  |TAMS 0x00000000cb800000, 0x00000000cb800000| Untracked 
| 157|0x00000000cb900000, 0x00000000cb900000, 0x00000000cba00000|  0%| F|  |TAMS 0x00000000cb900000, 0x00000000cb900000| Untracked 
| 158|0x00000000cba00000, 0x00000000cba00000, 0x00000000cbb00000|  0%| F|  |TAMS 0x00000000cba00000, 0x00000000cba00000| Untracked 
| 159|0x00000000cbb00000, 0x00000000cbb00000, 0x00000000cbc00000|  0%| F|  |TAMS 0x00000000cbb00000, 0x00000000cbb00000| Untracked 
| 160|0x00000000cbc00000, 0x00000000cbc00000, 0x00000000cbd00000|  0%| F|  |TAMS 0x00000000cbc00000, 0x00000000cbc00000| Untracked 
| 161|0x00000000cbd00000, 0x00000000cbd00000, 0x00000000cbe00000|  0%| F|  |TAMS 0x00000000cbd00000, 0x00000000cbd00000| Untracked 
| 162|0x00000000cbe00000, 0x00000000cbe00000, 0x00000000cbf00000|  0%| F|  |TAMS 0x00000000cbe00000, 0x00000000cbe00000| Untracked 
| 163|0x00000000cbf00000, 0x00000000cbf00000, 0x00000000cc000000|  0%| F|  |TAMS 0x00000000cbf00000, 0x00000000cbf00000| Untracked 
| 164|0x00000000cc000000, 0x00000000cc000000, 0x00000000cc100000|  0%| F|  |TAMS 0x00000000cc000000, 0x00000000cc000000| Untracked 
| 165|0x00000000cc100000, 0x00000000cc100000, 0x00000000cc200000|  0%| F|  |TAMS 0x00000000cc100000, 0x00000000cc100000| Untracked 
| 166|0x00000000cc200000, 0x00000000cc200000, 0x00000000cc300000|  0%| F|  |TAMS 0x00000000cc200000, 0x00000000cc200000| Untracked 
| 167|0x00000000cc300000, 0x00000000cc300000, 0x00000000cc400000|  0%| F|  |TAMS 0x00000000cc300000, 0x00000000cc300000| Untracked 
| 168|0x00000000cc400000, 0x00000000cc400000, 0x00000000cc500000|  0%| F|  |TAMS 0x00000000cc400000, 0x00000000cc400000| Untracked 
| 169|0x00000000cc500000, 0x00000000cc500000, 0x00000000cc600000|  0%| F|  |TAMS 0x00000000cc500000, 0x00000000cc500000| Untracked 
| 170|0x00000000cc600000, 0x00000000cc600000, 0x00000000cc700000|  0%| F|  |TAMS 0x00000000cc600000, 0x00000000cc600000| Untracked 
| 171|0x00000000cc700000, 0x00000000cc700000, 0x00000000cc800000|  0%| F|  |TAMS 0x00000000cc700000, 0x00000000cc700000| Untracked 
| 172|0x00000000cc800000, 0x00000000cc800000, 0x00000000cc900000|  0%| F|  |TAMS 0x00000000cc800000, 0x00000000cc800000| Untracked 
| 173|0x00000000cc900000, 0x00000000cc900000, 0x00000000cca00000|  0%| F|  |TAMS 0x00000000cc900000, 0x00000000cc900000| Untracked 
| 174|0x00000000cca00000, 0x00000000cca00000, 0x00000000ccb00000|  0%| F|  |TAMS 0x00000000cca00000, 0x00000000cca00000| Untracked 
| 175|0x00000000ccb00000, 0x00000000ccb00000, 0x00000000ccc00000|  0%| F|  |TAMS 0x00000000ccb00000, 0x00000000ccb00000| Untracked 
| 176|0x00000000ccc00000, 0x00000000ccc00000, 0x00000000ccd00000|  0%| F|  |TAMS 0x00000000ccc00000, 0x00000000ccc00000| Untracked 
| 177|0x00000000ccd00000, 0x00000000ccd00000, 0x00000000cce00000|  0%| F|  |TAMS 0x00000000ccd00000, 0x00000000ccd00000| Untracked 
| 178|0x00000000cce00000, 0x00000000cce00000, 0x00000000ccf00000|  0%| F|  |TAMS 0x00000000cce00000, 0x00000000cce00000| Untracked 
| 179|0x00000000ccf00000, 0x00000000ccf00000, 0x00000000cd000000|  0%| F|  |TAMS 0x00000000ccf00000, 0x00000000ccf00000| Untracked 
| 180|0x00000000cd000000, 0x00000000cd000000, 0x00000000cd100000|  0%| F|  |TAMS 0x00000000cd000000, 0x00000000cd000000| Untracked 
| 181|0x00000000cd100000, 0x00000000cd100000, 0x00000000cd200000|  0%| F|  |TAMS 0x00000000cd100000, 0x00000000cd100000| Untracked 
| 182|0x00000000cd200000, 0x00000000cd200000, 0x00000000cd300000|  0%| F|  |TAMS 0x00000000cd200000, 0x00000000cd200000| Untracked 
| 183|0x00000000cd300000, 0x00000000cd300000, 0x00000000cd400000|  0%| F|  |TAMS 0x00000000cd300000, 0x00000000cd300000| Untracked 
| 184|0x00000000cd400000, 0x00000000cd400000, 0x00000000cd500000|  0%| F|  |TAMS 0x00000000cd400000, 0x00000000cd400000| Untracked 
| 185|0x00000000cd500000, 0x00000000cd500000, 0x00000000cd600000|  0%| F|  |TAMS 0x00000000cd500000, 0x00000000cd500000| Untracked 
| 186|0x00000000cd600000, 0x00000000cd600000, 0x00000000cd700000|  0%| F|  |TAMS 0x00000000cd600000, 0x00000000cd600000| Untracked 
| 187|0x00000000cd700000, 0x00000000cd700000, 0x00000000cd800000|  0%| F|  |TAMS 0x00000000cd700000, 0x00000000cd700000| Untracked 
| 188|0x00000000cd800000, 0x00000000cd800000, 0x00000000cd900000|  0%| F|  |TAMS 0x00000000cd800000, 0x00000000cd800000| Untracked 
| 189|0x00000000cd900000, 0x00000000cd900000, 0x00000000cda00000|  0%| F|  |TAMS 0x00000000cd900000, 0x00000000cd900000| Untracked 
| 190|0x00000000cda00000, 0x00000000cda00000, 0x00000000cdb00000|  0%| F|  |TAMS 0x00000000cda00000, 0x00000000cda00000| Untracked 
| 191|0x00000000cdb00000, 0x00000000cdb00000, 0x00000000cdc00000|  0%| F|  |TAMS 0x00000000cdb00000, 0x00000000cdb00000| Untracked 
| 192|0x00000000cdc00000, 0x00000000cdc00000, 0x00000000cdd00000|  0%| F|  |TAMS 0x00000000cdc00000, 0x00000000cdc00000| Untracked 
| 193|0x00000000cdd00000, 0x00000000cdd00000, 0x00000000cde00000|  0%| F|  |TAMS 0x00000000cdd00000, 0x00000000cdd00000| Untracked 
| 194|0x00000000cde00000, 0x00000000cde00000, 0x00000000cdf00000|  0%| F|  |TAMS 0x00000000cde00000, 0x00000000cde00000| Untracked 
| 195|0x00000000cdf00000, 0x00000000cdf00000, 0x00000000ce000000|  0%| F|  |TAMS 0x00000000cdf00000, 0x00000000cdf00000| Untracked 
| 196|0x00000000ce000000, 0x00000000ce000000, 0x00000000ce100000|  0%| F|  |TAMS 0x00000000ce000000, 0x00000000ce000000| Untracked 
| 197|0x00000000ce100000, 0x00000000ce100000, 0x00000000ce200000|  0%| F|  |TAMS 0x00000000ce100000, 0x00000000ce100000| Untracked 
| 198|0x00000000ce200000, 0x00000000ce200000, 0x00000000ce300000|  0%| F|  |TAMS 0x00000000ce200000, 0x00000000ce200000| Untracked 
| 199|0x00000000ce300000, 0x00000000ce300000, 0x00000000ce400000|  0%| F|  |TAMS 0x00000000ce300000, 0x00000000ce300000| Untracked 
| 200|0x00000000ce400000, 0x00000000ce400000, 0x00000000ce500000|  0%| F|  |TAMS 0x00000000ce400000, 0x00000000ce400000| Untracked 
| 201|0x00000000ce500000, 0x00000000ce500000, 0x00000000ce600000|  0%| F|  |TAMS 0x00000000ce500000, 0x00000000ce500000| Untracked 
| 202|0x00000000ce600000, 0x00000000ce600000, 0x00000000ce700000|  0%| F|  |TAMS 0x00000000ce600000, 0x00000000ce600000| Untracked 
| 203|0x00000000ce700000, 0x00000000ce700000, 0x00000000ce800000|  0%| F|  |TAMS 0x00000000ce700000, 0x00000000ce700000| Untracked 
| 204|0x00000000ce800000, 0x00000000ce838cb0, 0x00000000ce900000| 22%| E|  |TAMS 0x00000000ce800000, 0x00000000ce800000| Complete 
| 205|0x00000000ce900000, 0x00000000cea00000, 0x00000000cea00000|100%| E|CS|TAMS 0x00000000ce900000, 0x00000000ce900000| Complete 
| 206|0x00000000cea00000, 0x00000000ceb00000, 0x00000000ceb00000|100%| E|CS|TAMS 0x00000000cea00000, 0x00000000cea00000| Complete 
| 207|0x00000000ceb00000, 0x00000000cec00000, 0x00000000cec00000|100%| E|CS|TAMS 0x00000000ceb00000, 0x00000000ceb00000| Complete 

Card table byte_map: [0x000002687a640000,0x000002687a840000] _byte_map_base: 0x000002687a032000

Marking Bits (Prev, Next): (CMBitMap*) 0x0000026867f0dda0, (CMBitMap*) 0x0000026867f0dd60
 Prev Bits: [0x000002687b9d0000, 0x000002687c960000)
 Next Bits: [0x000002687aa40000, 0x000002687b9d0000)

Polling page: 0x0000026865ee0000

Metaspace:

Usage:
  Non-class:     76.91 MB used.
      Class:     11.89 MB used.
       Both:     88.80 MB used.

Virtual space:
  Non-class space:       80.00 MB reserved,      77.44 MB ( 97%) committed,  10 nodes.
      Class space:        1.00 GB reserved,      12.38 MB (  1%) committed,  1 nodes.
              Both:        1.08 GB reserved,      89.81 MB (  8%) committed. 

Chunk freelists:
   Non-Class:  2.12 MB
       Class:  3.66 MB
        Both:  5.78 MB

MaxMetaspaceSize: 17179869184.00 GB
CompressedClassSpaceSize: 1.00 GB
 - commit_granule_bytes: 65536.
 - commit_granule_words: 8192.
 - virtual_space_node_default_size: 1048576.
 - enlarge_chunks_in_place: 1.
 - new_chunks_are_fully_committed: 0.
 - uncommit_free_chunks: 1.
 - use_allocation_guard: 0.
 - handle_deallocations: 1.


Internal statistics:

num_allocs_failed_limit: 12.
num_arena_births: 1662.
num_arena_deaths: 270.
num_vsnodes_births: 11.
num_vsnodes_deaths: 0.
num_space_committed: 1437.
num_space_uncommitted: 0.
num_chunks_returned_to_freelist: 381.
num_chunks_taken_from_freelist: 5348.
num_chunk_merges: 100.
num_chunk_splits: 3194.
num_chunks_enlarged: 1928.
num_purges: 22.

CodeHeap 'non-profiled nmethods': size=238912Kb used=25000Kb max_used=25000Kb free=213911Kb
 bounds [0x000002686baf0000, 0x000002686d360000, 0x000002687a440000]
CodeHeap 'non-nmethods': size=6848Kb used=1340Kb max_used=1340Kb free=5508Kb
 bounds [0x000002686b440000, 0x000002686b6b0000, 0x000002686baf0000]
 total_blobs=15416 nmethods=14750 adapters=592
 compilation: enabled
              stopped_count=0, restarted_count=0
 full_count=0

Compilation events (20 events):
Event: 2362.303 Thread 0x000002687ee53780 14804       1       ch.qos.logback.core.pattern.parser.SimpleKeywordNode::getOptions (5 bytes)
Event: 2362.303 Thread 0x000002687ee53780 nmethod 14804 0x000002686d356a10 code [0x000002686d356ba0, 0x000002686d356c78]
Event: 2362.303 Thread 0x000002687ee53780 14805       1       ch.qos.logback.core.pattern.DynamicConverter::setOptionList (6 bytes)
Event: 2362.304 Thread 0x000002687ee53780 nmethod 14805 0x000002686d356d10 code [0x000002686d356ea0, 0x000002686d356fb8]
Event: 2362.337 Thread 0x000002687ee53780 14806   !   1       java.util.concurrent.CopyOnWriteArrayList::remove (175 bytes)
Event: 2362.338 Thread 0x000002687ee53780 nmethod 14806 0x000002686d357010 code [0x000002686d357200, 0x000002686d3578f8]
Event: 2362.343 Thread 0x000002687ee53780 14807       1       ch.qos.logback.classic.spi.ThrowableProxyUtil::indent (21 bytes)
Event: 2362.343 Thread 0x000002687ee53780 nmethod 14807 0x000002686d357d10 code [0x000002686d357ec0, 0x000002686d357fc8]
Event: 2362.343 Thread 0x000002687ee53780 14808       1       ch.qos.logback.classic.pattern.ThrowableProxyConverter::isIgnoredStackTraceLine (51 bytes)
Event: 2362.347 Thread 0x000002687ee53780 nmethod 14808 0x000002686d358110 code [0x000002686d3582e0, 0x000002686d3584f8]
Event: 2362.347 Thread 0x000002687ee53780 14809       1       ch.qos.logback.classic.pattern.ThrowableProxyConverter::printStackLine (23 bytes)
Event: 2362.349 Thread 0x000002687ee53780 nmethod 14809 0x000002686d358690 code [0x000002686d358880, 0x000002686d358a78]
Event: 2362.349 Thread 0x000002687ee53780 14810       1       ch.qos.logback.classic.pattern.ExtendedThrowableProxyConverter::extraData (6 bytes)
Event: 2362.349 Thread 0x000002687ee53780 nmethod 14810 0x000002686d358c90 code [0x000002686d358e20, 0x000002686d358f08]
Event: 2362.349 Thread 0x000002687ee53780 14811       1       ch.qos.logback.classic.spi.ThrowableProxyUtil::subjoinPackagingData (64 bytes)
Event: 2362.350 Thread 0x000002687ee53780 nmethod 14811 0x000002686d358f90 code [0x000002686d359180, 0x000002686d359358]
Event: 2362.816 Thread 0x000002687ee53780 14812  s!   1       java.net.Socket::close (47 bytes)
Event: 2362.822 Thread 0x000002687ee53780 nmethod 14812 0x000002686d359510 code [0x000002686d3596e0, 0x000002686d359a38]
Event: 2363.160 Thread 0x000002687ee53780 14813   !   1       jdk.proxy2.$Proxy18::annotationType (29 bytes)
Event: 2363.163 Thread 0x000002687ee53780 nmethod 14813 0x000002686d359b90 code [0x000002686d359d40, 0x000002686d359f78]

GC Heap History (20 events):
Event: 1914.359 GC heap before
{Heap before GC invocations=77 (full 7):
 garbage-first heap   total 212992K, used 178439K [0x00000000c1c00000, 0x0000000100000000)
  region size 1024K, 102 young (104448K), 0 survivors (0K)
 Metaspace       used 89632K, committed 90560K, reserved 1130496K
  class space    used 12076K, committed 12544K, reserved 1048576K
}
Event: 1914.416 GC heap after
{Heap after GC invocations=78 (full 7):
 garbage-first heap   total 212992K, used 81060K [0x00000000c1c00000, 0x0000000100000000)
  region size 1024K, 6 young (6144K), 6 survivors (6144K)
 Metaspace       used 89632K, committed 90560K, reserved 1130496K
  class space    used 12076K, committed 12544K, reserved 1048576K
}
Event: 1917.091 GC heap before
{Heap before GC invocations=78 (full 7):
 garbage-first heap   total 212992K, used 178340K [0x00000000c1c00000, 0x0000000100000000)
  region size 1024K, 103 young (105472K), 6 survivors (6144K)
 Metaspace       used 89861K, committed 90816K, reserved 1130496K
  class space    used 12095K, committed 12544K, reserved 1048576K
}
Event: 1917.134 GC heap after
{Heap after GC invocations=79 (full 7):
 garbage-first heap   total 212992K, used 83207K [0x00000000c1c00000, 0x0000000100000000)
  region size 1024K, 8 young (8192K), 8 survivors (8192K)
 Metaspace       used 89861K, committed 90816K, reserved 1130496K
  class space    used 12095K, committed 12544K, reserved 1048576K
}
Event: 1918.757 GC heap before
{Heap before GC invocations=79 (full 7):
 garbage-first heap   total 212992K, used 154887K [0x00000000c1c00000, 0x0000000100000000)
  region size 1024K, 79 young (80896K), 8 survivors (8192K)
 Metaspace       used 89868K, committed 90816K, reserved 1130496K
  class space    used 12095K, committed 12544K, reserved 1048576K
}
Event: 1918.823 GC heap after
{Heap after GC invocations=80 (full 7):
 garbage-first heap   total 212992K, used 84630K [0x00000000c1c00000, 0x0000000100000000)
  region size 1024K, 5 young (5120K), 5 survivors (5120K)
 Metaspace       used 89868K, committed 90816K, reserved 1130496K
  class space    used 12095K, committed 12544K, reserved 1048576K
}
Event: 1928.476 GC heap before
{Heap before GC invocations=80 (full 7):
 garbage-first heap   total 212992K, used 179862K [0x00000000c1c00000, 0x0000000100000000)
  region size 1024K, 98 young (100352K), 5 survivors (5120K)
 Metaspace       used 90326K, committed 91200K, reserved 1130496K
  class space    used 12125K, committed 12544K, reserved 1048576K
}
Event: 1928.514 GC heap after
{Heap after GC invocations=81 (full 7):
 garbage-first heap   total 212992K, used 88975K [0x00000000c1c00000, 0x0000000100000000)
  region size 1024K, 9 young (9216K), 9 survivors (9216K)
 Metaspace       used 90326K, committed 91200K, reserved 1130496K
  class space    used 12125K, committed 12544K, reserved 1048576K
}
Event: 1931.028 GC heap before
{Heap before GC invocations=81 (full 7):
 garbage-first heap   total 212992K, used 178063K [0x00000000c1c00000, 0x0000000100000000)
  region size 1024K, 96 young (98304K), 9 survivors (9216K)
 Metaspace       used 90777K, committed 91712K, reserved 1130496K
  class space    used 12155K, committed 12608K, reserved 1048576K
}
Event: 1931.082 GC heap after
{Heap after GC invocations=82 (full 7):
 garbage-first heap   total 212992K, used 92651K [0x00000000c1c00000, 0x0000000100000000)
  region size 1024K, 10 young (10240K), 10 survivors (10240K)
 Metaspace       used 90777K, committed 91712K, reserved 1130496K
  class space    used 12155K, committed 12608K, reserved 1048576K
}
Event: 1964.556 GC heap before
{Heap before GC invocations=82 (full 7):
 garbage-first heap   total 212992K, used 177643K [0x00000000c1c00000, 0x0000000100000000)
  region size 1024K, 93 young (95232K), 10 survivors (10240K)
 Metaspace       used 90836K, committed 91776K, reserved 1130496K
  class space    used 12163K, committed 12608K, reserved 1048576K
}
Event: 1965.389 GC heap after
{Heap after GC invocations=83 (full 7):
 garbage-first heap   total 212992K, used 94680K [0x00000000c1c00000, 0x0000000100000000)
  region size 1024K, 7 young (7168K), 7 survivors (7168K)
 Metaspace       used 90836K, committed 91776K, reserved 1130496K
  class space    used 12163K, committed 12608K, reserved 1048576K
}
Event: 1969.817 GC heap before
{Heap before GC invocations=83 (full 7):
 garbage-first heap   total 212992K, used 97752K [0x00000000c1c00000, 0x0000000100000000)
  region size 1024K, 10 young (10240K), 7 survivors (7168K)
 Metaspace       used 90836K, committed 91776K, reserved 1130496K
  class space    used 12163K, committed 12608K, reserved 1048576K
}
Event: 1969.845 GC heap after
{Heap after GC invocations=84 (full 7):
 garbage-first heap   total 212992K, used 95659K [0x00000000c1c00000, 0x0000000100000000)
  region size 1024K, 2 young (2048K), 2 survivors (2048K)
 Metaspace       used 90836K, committed 91776K, reserved 1130496K
  class space    used 12163K, committed 12608K, reserved 1048576K
}
Event: 2115.700 GC heap before
{Heap before GC invocations=84 (full 7):
 garbage-first heap   total 212992K, used 170411K [0x00000000c1c00000, 0x0000000100000000)
  region size 1024K, 75 young (76800K), 2 survivors (2048K)
 Metaspace       used 90836K, committed 91776K, reserved 1130496K
  class space    used 12163K, committed 12608K, reserved 1048576K
}
Event: 2115.913 GC heap after
{Heap after GC invocations=85 (full 7):
 garbage-first heap   total 212992K, used 94648K [0x00000000c1c00000, 0x0000000100000000)
  region size 1024K, 1 young (1024K), 1 survivors (1024K)
 Metaspace       used 90836K, committed 91776K, reserved 1130496K
  class space    used 12163K, committed 12608K, reserved 1048576K
}
Event: 2212.762 GC heap before
{Heap before GC invocations=86 (full 7):
 garbage-first heap   total 212992K, used 142776K [0x00000000c1c00000, 0x0000000100000000)
  region size 1024K, 48 young (49152K), 1 survivors (1024K)
 Metaspace       used 90804K, committed 91776K, reserved 1130496K
  class space    used 12157K, committed 12608K, reserved 1048576K
}
Event: 2212.895 GC heap after
{Heap after GC invocations=87 (full 7):
 garbage-first heap   total 212992K, used 94379K [0x00000000c1c00000, 0x0000000100000000)
  region size 1024K, 1 young (1024K), 1 survivors (1024K)
 Metaspace       used 90804K, committed 91776K, reserved 1130496K
  class space    used 12157K, committed 12608K, reserved 1048576K
}
Event: 2362.006 GC heap before
{Heap before GC invocations=87 (full 7):
 garbage-first heap   total 212992K, used 182443K [0x00000000c1c00000, 0x0000000100000000)
  region size 1024K, 87 young (89088K), 1 survivors (1024K)
 Metaspace       used 90932K, committed 91904K, reserved 1130496K
  class space    used 12179K, committed 12672K, reserved 1048576K
}
Event: 2362.094 GC heap after
{Heap after GC invocations=88 (full 7):
 garbage-first heap   total 212992K, used 95717K [0x00000000c1c00000, 0x0000000100000000)
  region size 1024K, 2 young (2048K), 2 survivors (2048K)
 Metaspace       used 90932K, committed 91904K, reserved 1130496K
  class space    used 12179K, committed 12672K, reserved 1048576K
}

Deoptimization events (6 events):
Event: 12.793 Thread 0x0000026801358070 DEOPT PACKING pc=0x000002686be5e23c sp=0x000000d7e3ffc6a0
Event: 12.793 Thread 0x0000026801358070 DEOPT UNPACKING pc=0x000002686b48deaf sp=0x000000d7e3ffbbf8 mode 0
Event: 33.884 Thread 0x0000026801358070 DEOPT PACKING pc=0x000002686be5477a sp=0x000000d7e3ffa050
Event: 33.887 Thread 0x0000026801358070 DEOPT UNPACKING pc=0x000002686b48deaf sp=0x000000d7e3ff9558 mode 3
Event: 40.875 Thread 0x0000026801358070 DEOPT PACKING pc=0x000002686c519d34 sp=0x000000d7e3ffcc50
Event: 40.875 Thread 0x0000026801358070 DEOPT UNPACKING pc=0x000002686b48deaf sp=0x000000d7e3ffc1c8 mode 0

Classes unloaded (20 events):
Event: 1906.164 Thread 0x000002687ee05290 Unloading class 0x0000000100c22400 'jdk/internal/reflect/GeneratedSerializationConstructorAccessor69'
Event: 1906.166 Thread 0x000002687ee05290 Unloading class 0x0000000100c22000 'jdk/internal/reflect/GeneratedSerializationConstructorAccessor68'
Event: 1906.168 Thread 0x000002687ee05290 Unloading class 0x0000000100c21c00 'jdk/internal/reflect/GeneratedSerializationConstructorAccessor67'
Event: 1906.168 Thread 0x000002687ee05290 Unloading class 0x0000000100c21800 'jdk/internal/reflect/GeneratedSerializationConstructorAccessor66'
Event: 1906.168 Thread 0x000002687ee05290 Unloading class 0x0000000100c20c00 'jdk/internal/reflect/GeneratedSerializationConstructorAccessor65'
Event: 1906.169 Thread 0x000002687ee05290 Unloading class 0x0000000100c20800 'jdk/internal/reflect/GeneratedSerializationConstructorAccessor64'
Event: 1906.169 Thread 0x000002687ee05290 Unloading class 0x0000000100c19c00 'jdk/internal/reflect/GeneratedSerializationConstructorAccessor63'
Event: 1906.169 Thread 0x000002687ee05290 Unloading class 0x0000000100c19800 'jdk/internal/reflect/GeneratedSerializationConstructorAccessor62'
Event: 1906.169 Thread 0x000002687ee05290 Unloading class 0x0000000100c10c00 'jdk/internal/reflect/GeneratedSerializationConstructorAccessor61'
Event: 1906.170 Thread 0x000002687ee05290 Unloading class 0x0000000100c11000 'jdk/internal/reflect/GeneratedSerializationConstructorAccessor60'
Event: 2121.922 Thread 0x000002687ee05290 Unloading class 0x0000000100c45c00 'jdk/internal/reflect/GeneratedSerializationConstructorAccessor79'
Event: 2121.922 Thread 0x000002687ee05290 Unloading class 0x0000000100c45800 'jdk/internal/reflect/GeneratedSerializationConstructorAccessor78'
Event: 2121.924 Thread 0x000002687ee05290 Unloading class 0x0000000100c45400 'jdk/internal/reflect/GeneratedSerializationConstructorAccessor77'
Event: 2121.924 Thread 0x000002687ee05290 Unloading class 0x0000000100c45000 'jdk/internal/reflect/GeneratedSerializationConstructorAccessor76'
Event: 2121.925 Thread 0x000002687ee05290 Unloading class 0x0000000100c44400 'jdk/internal/reflect/GeneratedSerializationConstructorAccessor74'
Event: 2121.925 Thread 0x000002687ee05290 Unloading class 0x0000000100c44000 'jdk/internal/reflect/GeneratedSerializationConstructorAccessor75'
Event: 2121.926 Thread 0x000002687ee05290 Unloading class 0x0000000100c3cc00 'jdk/internal/reflect/GeneratedSerializationConstructorAccessor73'
Event: 2121.926 Thread 0x000002687ee05290 Unloading class 0x0000000100c3c800 'jdk/internal/reflect/GeneratedSerializationConstructorAccessor72'
Event: 2121.926 Thread 0x000002687ee05290 Unloading class 0x0000000100c3c000 'jdk/internal/reflect/GeneratedSerializationConstructorAccessor70'
Event: 2121.926 Thread 0x000002687ee05290 Unloading class 0x0000000100c3c400 'jdk/internal/reflect/GeneratedSerializationConstructorAccessor71'

Classes redefined (0 events):
No events

Internal exceptions (20 events):
Event: 1928.306 Thread 0x0000026801359b00 Exception <a 'java/lang/ClassNotFoundException'{0x00000000c92305b0}: org/springframework/context/annotation/ConfigurationClassEnhancer$EnhancedConfigurationCustomizer> (0x00000000c92305b0) 
thrown [t:\workspace\open\src\hotspot\share\classfile\systemDictionary.cpp, line 256]
Event: 1928.306 Thread 0x000002680135b040 Exception <a 'java/lang/ClassNotFoundException'{0x00000000c93c19c0}: org/springframework/beans/factory/BeanFactoryAwareCustomizer> (0x00000000c93c19c0) 
thrown [t:\workspace\open\src\hotspot\share\classfile\systemDictionary.cpp, line 256]
Event: 1928.308 Thread 0x0000026801359b00 Exception <a 'java/lang/ClassNotFoundException'{0x00000000c92361a8}: org/springframework/beans/factory/BeanFactoryAwareCustomizer> (0x00000000c92361a8) 
thrown [t:\workspace\open\src\hotspot\share\classfile\systemDictionary.cpp, line 256]
Event: 1928.308 Thread 0x000002680135b040 Exception <a 'java/lang/ClassNotFoundException'{0x00000000c93c8c38}: org/springframework/beans/factory/AwareCustomizer> (0x00000000c93c8c38) 
thrown [t:\workspace\open\src\hotspot\share\classfile\systemDictionary.cpp, line 256]
Event: 1928.310 Thread 0x0000026801359b00 Exception <a 'java/lang/ClassNotFoundException'{0x00000000c923d000}: org/springframework/beans/factory/AwareCustomizer> (0x00000000c923d000) 
thrown [t:\workspace\open\src\hotspot\share\classfile\systemDictionary.cpp, line 256]
Event: 1928.310 Thread 0x000002680135b040 Exception <a 'java/lang/ClassNotFoundException'{0x00000000c93cf058}: org/springframework/security/config/annotation/web/WebSecurityConfigurerCustomizer> (0x00000000c93cf058) 
thrown [t:\workspace\open\src\hotspot\share\classfile\systemDictionary.cpp, line 256]
Event: 1928.312 Thread 0x0000026801359b00 Exception <a 'java/lang/ClassNotFoundException'{0x00000000c9243370}: org/springframework/security/config/annotation/web/WebSecurityConfigurerCustomizer> (0x00000000c9243370) 
thrown [t:\workspace\open\src\hotspot\share\classfile\systemDictionary.cpp, line 256]
Event: 1928.314 Thread 0x0000026801359b00 Exception <a 'java/lang/ClassNotFoundException'{0x00000000c9249530}: org/springframework/security/config/annotation/SecurityConfigurerCustomizer> (0x00000000c9249530) 
thrown [t:\workspace\open\src\hotspot\share\classfile\systemDictionary.cpp, line 256]
Event: 1928.315 Thread 0x000002680135b040 Exception <a 'java/lang/ClassNotFoundException'{0x00000000c93d5380}: org/springframework/security/config/annotation/SecurityConfigurerCustomizer> (0x00000000c93d5380) 
thrown [t:\workspace\open\src\hotspot\share\classfile\systemDictionary.cpp, line 256]
Event: 1932.321 Thread 0x000002680722cae0 Exception <a 'java/lang/InterruptedException'{0x00000000cd3850a0}: sleep interrupted> (0x00000000cd3850a0) 
thrown [t:\workspace\open\src\hotspot\share\prims\jvm.cpp, line 3305]
Event: 1932.384 Thread 0x000002680135b040 Exception <a 'java/lang/NoClassDefFoundError'{0x00000000cd123f90}: liquibase/exception/ChangeLogParseException> (0x00000000cd123f90) 
thrown [t:\workspace\open\src\hotspot\share\classfile\systemDictionary.cpp, line 245]
Event: 1932.442 Thread 0x000002680135b040 Exception <a 'java/lang/reflect/InvocationTargetException'{0x00000000cd16c450}> (0x00000000cd16c450) 
thrown [t:\workspace\open\src\hotspot\share\runtime\reflection.cpp, line 1157]
Event: 1934.683 Thread 0x0000026801359b00 Exception <a 'java/lang/reflect/InvocationTargetException'{0x00000000ca87d058}> (0x00000000ca87d058) 
thrown [t:\workspace\open\src\hotspot\share\runtime\reflection.cpp, line 1157]
Event: 2359.965 Thread 0x000002680722f560 Exception <a 'java/io/FileNotFoundException'{0x00000000c9e12bf0}> (0x00000000c9e12bf0) 
thrown [t:\workspace\open\src\hotspot\share\prims\jni.cpp, line 579]
Event: 2359.990 Thread 0x000002680135b040 Exception <a 'java/io/FileNotFoundException'{0x00000000c9ec7bf0}> (0x00000000c9ec7bf0) 
thrown [t:\workspace\open\src\hotspot\share\prims\jni.cpp, line 579]
Event: 2360.086 Thread 0x0000026801359b00 Exception <a 'java/io/FileNotFoundException'{0x00000000c9ee7ca8}> (0x00000000c9ee7ca8) 
thrown [t:\workspace\open\src\hotspot\share\prims\jni.cpp, line 579]
Event: 2361.596 Thread 0x000002680722d580 Exception <a 'java/lang/InterruptedException'{0x00000000c97b6220}: sleep interrupted> (0x00000000c97b6220) 
thrown [t:\workspace\open\src\hotspot\share\prims\jvm.cpp, line 3305]
Event: 2361.820 Thread 0x000002680722e020 Exception <a 'java/lang/InterruptedException'{0x00000000ce100250}: sleep interrupted> (0x00000000ce100250) 
thrown [t:\workspace\open\src\hotspot\share\prims\jvm.cpp, line 3305]
Event: 2362.004 Thread 0x000002680135b040 Exception <a 'java/lang/NoClassDefFoundError'{0x00000000c95cee60}: liquibase/exception/ChangeLogParseException> (0x00000000c95cee60) 
thrown [t:\workspace\open\src\hotspot\share\classfile\systemDictionary.cpp, line 245]
Event: 2362.346 Thread 0x000002680135b040 Exception <a 'java/lang/reflect/InvocationTargetException'{0x00000000cead9370}> (0x00000000cead9370) 
thrown [t:\workspace\open\src\hotspot\share\runtime\reflection.cpp, line 1157]

Events (20 events):
Event: 2361.339 Executing  VM operation: ICBufferFull done
Event: 2361.366 Executing  VM operation: ICBufferFull
Event: 2361.372 Executing  VM operation: ICBufferFull done
Event: 2361.393 Executing  VM operation: ThreadDump
Event: 2361.400 Executing  VM operation: ThreadDump done
Event: 2361.490 Executing  VM operation: ThreadDump
Event: 2361.512 Executing  VM operation: ThreadDump done
Event: 2361.589 Thread 0x000002680722b5a0 Thread exited: 0x000002680722b5a0
Event: 2361.597 Thread 0x000002680722d580 Thread exited: 0x000002680722d580
Event: 2361.610 Thread 0x00000268072295c0 Thread exited: 0x00000268072295c0
Event: 2361.614 Thread 0x000002680722a5b0 Thread exited: 0x000002680722a5b0
Event: 2361.836 Thread 0x000002680722e020 Thread exited: 0x000002680722e020
Event: 2362.005 Executing  VM operation: G1CollectForAllocation
Event: 2362.096 Executing  VM operation: G1CollectForAllocation done
Event: 2362.335 Thread 0x000002680722cae0 Thread added: 0x000002680722cae0
Event: 2362.345 Thread 0x0000026801358b10 Thread exited: 0x0000026801358b10
Event: 2362.350 Thread 0x000002680135b040 Thread exited: 0x000002680135b040
Event: 2362.355 Thread 0x0000026807230aa0 Thread added: 0x0000026807230aa0
Event: 2363.027 Thread 0x000002680722cae0 Thread exited: 0x000002680722cae0
Event: 2363.184 Executing  VM operation: G1CollectFull


Dynamic libraries:
0x00007ff6d6010000 - 0x00007ff6d601e000 	C:\Users\erick\Downloads\sts-4.11.1.RELEASE\plugins\org.eclipse.justj.openjdk.hotspot.jre.full.win32.x86_64_16.0.2.v20210721-1149\jre\bin\javaw.exe
0x00007ffef46d0000 - 0x00007ffef48c5000 	C:\WINDOWS\SYSTEM32\ntdll.dll
0x00007ffef2e70000 - 0x00007ffef2f2e000 	C:\WINDOWS\System32\KERNEL32.DLL
0x00007ffef2230000 - 0x00007ffef24f9000 	C:\WINDOWS\System32\KERNELBASE.dll
0x00007ffef25a0000 - 0x00007ffef26a0000 	C:\WINDOWS\System32\ucrtbase.dll
0x00007ffee7c40000 - 0x00007ffee7c58000 	C:\Users\erick\Downloads\sts-4.11.1.RELEASE\plugins\org.eclipse.justj.openjdk.hotspot.jre.full.win32.x86_64_16.0.2.v20210721-1149\jre\bin\jli.dll
0x00007ffed6cd0000 - 0x00007ffed6ce9000 	C:\Users\erick\Downloads\sts-4.11.1.RELEASE\plugins\org.eclipse.justj.openjdk.hotspot.jre.full.win32.x86_64_16.0.2.v20210721-1149\jre\bin\VCRUNTIME140.dll
0x00007ffef3000000 - 0x00007ffef31a1000 	C:\WINDOWS\System32\USER32.dll
0x00007ffef26a0000 - 0x00007ffef26c2000 	C:\WINDOWS\System32\win32u.dll
0x00007ffed7c00000 - 0x00007ffed7e9a000 	C:\WINDOWS\WinSxS\amd64_microsoft.windows.common-controls_6595b64144ccf1df_6.0.19041.1110_none_60b5254171f9507e\COMCTL32.dll
0x00007ffef33c0000 - 0x00007ffef345e000 	C:\WINDOWS\System32\msvcrt.dll
0x00007ffef4660000 - 0x00007ffef468b000 	C:\WINDOWS\System32\GDI32.dll
0x00007ffef1ed0000 - 0x00007ffef1fdb000 	C:\WINDOWS\System32\gdi32full.dll
0x00007ffef2500000 - 0x00007ffef259d000 	C:\WINDOWS\System32\msvcp_win.dll
0x00007ffef4630000 - 0x00007ffef4660000 	C:\WINDOWS\System32\IMM32.DLL
0x00007ffed9b20000 - 0x00007ffed9b2c000 	C:\Users\erick\Downloads\sts-4.11.1.RELEASE\plugins\org.eclipse.justj.openjdk.hotspot.jre.full.win32.x86_64_16.0.2.v20210721-1149\jre\bin\vcruntime140_1.dll
0x00007ffed5160000 - 0x00007ffed51f1000 	C:\Users\erick\Downloads\sts-4.11.1.RELEASE\plugins\org.eclipse.justj.openjdk.hotspot.jre.full.win32.x86_64_16.0.2.v20210721-1149\jre\bin\msvcp140.dll
0x00007ffeb7fd0000 - 0x00007ffeb8b7b000 	C:\Users\erick\Downloads\sts-4.11.1.RELEASE\plugins\org.eclipse.justj.openjdk.hotspot.jre.full.win32.x86_64_16.0.2.v20210721-1149\jre\bin\server\jvm.dll
0x00007ffef2f30000 - 0x00007ffef2fdc000 	C:\WINDOWS\System32\ADVAPI32.dll
0x00007ffef2bf0000 - 0x00007ffef2c8b000 	C:\WINDOWS\System32\sechost.dll
0x00007ffef27c0000 - 0x00007ffef28ea000 	C:\WINDOWS\System32\RPCRT4.dll
0x00007ffef27b0000 - 0x00007ffef27b8000 	C:\WINDOWS\System32\PSAPI.DLL
0x00007ffedb1f0000 - 0x00007ffedb1f9000 	C:\WINDOWS\SYSTEM32\WSOCK32.dll
0x00007ffef45c0000 - 0x00007ffef462b000 	C:\WINDOWS\System32\WS2_32.dll
0x00007ffed95b0000 - 0x00007ffed95d7000 	C:\WINDOWS\SYSTEM32\WINMM.dll
0x00007ffee9470000 - 0x00007ffee947a000 	C:\WINDOWS\SYSTEM32\VERSION.dll
0x00007ffeefcb0000 - 0x00007ffeefcc2000 	C:\WINDOWS\SYSTEM32\kernel.appcore.dll
0x00007ffeebe90000 - 0x00007ffeebe9a000 	C:\Users\erick\Downloads\sts-4.11.1.RELEASE\plugins\org.eclipse.justj.openjdk.hotspot.jre.full.win32.x86_64_16.0.2.v20210721-1149\jre\bin\jimage.dll
0x00007ffeead40000 - 0x00007ffeeaf24000 	C:\WINDOWS\SYSTEM32\DBGHELP.DLL
0x00007ffee34d0000 - 0x00007ffee34fc000 	C:\WINDOWS\SYSTEM32\dbgcore.DLL
0x00007ffef21a0000 - 0x00007ffef2223000 	C:\WINDOWS\System32\bcryptPrimitives.dll
0x00007ffed9b90000 - 0x00007ffed9bb5000 	C:\Users\erick\Downloads\sts-4.11.1.RELEASE\plugins\org.eclipse.justj.openjdk.hotspot.jre.full.win32.x86_64_16.0.2.v20210721-1149\jre\bin\java.dll
0x00007ffee3500000 - 0x00007ffee3518000 	C:\Users\erick\Downloads\sts-4.11.1.RELEASE\plugins\org.eclipse.justj.openjdk.hotspot.jre.full.win32.x86_64_16.0.2.v20210721-1149\jre\bin\zip.dll
0x00007ffef3a10000 - 0x00007ffef414f000 	C:\WINDOWS\System32\SHELL32.dll
0x00007ffeefeb0000 - 0x00007ffef0640000 	C:\WINDOWS\SYSTEM32\windows.storage.dll
0x00007ffef4260000 - 0x00007ffef45b5000 	C:\WINDOWS\System32\combase.dll
0x00007ffef1770000 - 0x00007ffef179c000 	C:\WINDOWS\SYSTEM32\Wldp.dll
0x00007ffef2a70000 - 0x00007ffef2b1e000 	C:\WINDOWS\System32\SHCORE.dll
0x00007ffef2d10000 - 0x00007ffef2d65000 	C:\WINDOWS\System32\shlwapi.dll
0x00007ffef1d30000 - 0x00007ffef1d4f000 	C:\WINDOWS\SYSTEM32\profapi.dll
0x00007ffee2850000 - 0x00007ffee2869000 	C:\Users\erick\Downloads\sts-4.11.1.RELEASE\plugins\org.eclipse.justj.openjdk.hotspot.jre.full.win32.x86_64_16.0.2.v20210721-1149\jre\bin\net.dll
0x00007ffee30b0000 - 0x00007ffee31b8000 	C:\WINDOWS\SYSTEM32\WINHTTP.dll
0x00007ffef14b0000 - 0x00007ffef151a000 	C:\WINDOWS\system32\mswsock.dll
0x00007ffed9b70000 - 0x00007ffed9b83000 	C:\Users\erick\Downloads\sts-4.11.1.RELEASE\plugins\org.eclipse.justj.openjdk.hotspot.jre.full.win32.x86_64_16.0.2.v20210721-1149\jre\bin\nio.dll
0x00007ffed6c10000 - 0x00007ffed6c19000 	C:\Users\erick\Downloads\sts-4.11.1.RELEASE\plugins\org.eclipse.justj.openjdk.hotspot.jre.full.win32.x86_64_16.0.2.v20210721-1149\jre\bin\management.dll
0x00007ffef11d0000 - 0x00007ffef129c000 	C:\WINDOWS\SYSTEM32\DNSAPI.dll
0x00007ffef1190000 - 0x00007ffef11cb000 	C:\WINDOWS\SYSTEM32\IPHLPAPI.DLL
0x00007ffef2d80000 - 0x00007ffef2d88000 	C:\WINDOWS\System32\NSI.dll
0x00007ffee2040000 - 0x00007ffee204a000 	C:\Windows\System32\rasadhlp.dll
0x00007ffee1c20000 - 0x00007ffee1c9f000 	C:\WINDOWS\System32\fwpuclnt.dll
0x00007ffef1df0000 - 0x00007ffef1e17000 	C:\WINDOWS\System32\bcrypt.dll
0x00007ffed5af0000 - 0x00007ffed5afb000 	C:\Users\erick\Downloads\sts-4.11.1.RELEASE\plugins\org.eclipse.justj.openjdk.hotspot.jre.full.win32.x86_64_16.0.2.v20210721-1149\jre\bin\management_ext.dll
0x00007ffeef420000 - 0x00007ffeef437000 	C:\WINDOWS\system32\napinsp.dll
0x00007ffeef400000 - 0x00007ffeef41b000 	C:\WINDOWS\system32\pnrpnsp.dll
0x00007ffeecc50000 - 0x00007ffeecc65000 	C:\WINDOWS\system32\wshbth.dll
0x00007ffee7b50000 - 0x00007ffee7b6d000 	C:\WINDOWS\system32\NLAapi.dll
0x00007ffeedac0000 - 0x00007ffeedad2000 	C:\WINDOWS\System32\winrnr.dll
0x00007ffef16c0000 - 0x00007ffef16d8000 	C:\WINDOWS\SYSTEM32\CRYPTSP.dll
0x00007ffef0e10000 - 0x00007ffef0e44000 	C:\WINDOWS\system32\rsaenh.dll
0x00007ffef1cf0000 - 0x00007ffef1d1e000 	C:\WINDOWS\SYSTEM32\USERENV.dll
0x00007ffef16e0000 - 0x00007ffef16ec000 	C:\WINDOWS\SYSTEM32\CRYPTBASE.dll
0x00007ffee4140000 - 0x00007ffee4157000 	C:\WINDOWS\SYSTEM32\dhcpcsvc6.DLL
0x00007ffee40f0000 - 0x00007ffee410d000 	C:\WINDOWS\SYSTEM32\dhcpcsvc.DLL
0x00007ffee4ca0000 - 0x00007ffee4cb0000 	C:\Users\erick\Downloads\sts-4.11.1.RELEASE\plugins\org.eclipse.justj.openjdk.hotspot.jre.full.win32.x86_64_16.0.2.v20210721-1149\jre\bin\verify.dll
0x00007ffed9970000 - 0x00007ffed997e000 	C:\Users\erick\Downloads\sts-4.11.1.RELEASE\plugins\org.eclipse.justj.openjdk.hotspot.jre.full.win32.x86_64_16.0.2.v20210721-1149\jre\bin\sunmscapi.dll
0x00007ffef2040000 - 0x00007ffef2196000 	C:\WINDOWS\System32\CRYPT32.dll
0x00007ffef17e0000 - 0x00007ffef1807000 	C:\WINDOWS\SYSTEM32\ncrypt.dll
0x00007ffef17a0000 - 0x00007ffef17db000 	C:\WINDOWS\SYSTEM32\NTASN1.dll
0x00007ffeec400000 - 0x00007ffeec407000 	C:\WINDOWS\system32\wshunix.dll

dbghelp: loaded successfully - version: 4.0.5 - missing functions: none
symbol engine: initialized successfully - sym options: 0x614 - pdb path: .;C:\Users\erick\Downloads\sts-4.11.1.RELEASE\plugins\org.eclipse.justj.openjdk.hotspot.jre.full.win32.x86_64_16.0.2.v20210721-1149\jre\bin;C:\WINDOWS\SYSTEM32;C:\WINDOWS\WinSxS\amd64_microsoft.windows.common-controls_6595b64144ccf1df_6.0.19041.1110_none_60b5254171f9507e;C:\Users\erick\Downloads\sts-4.11.1.RELEASE\plugins\org.eclipse.justj.openjdk.hotspot.jre.full.win32.x86_64_16.0.2.v20210721-1149\jre\bin\server

VM Arguments:
jvm_args: -Dcom.sun.management.jmxremote -Dcom.sun.management.jmxremote.port=52710 -Dcom.sun.management.jmxremote.authenticate=false -Dcom.sun.management.jmxremote.ssl=false -Djava.rmi.server.hostname=localhost -Dspring.jmx.enabled=true -Dspring.application.admin.enabled=true -XX:TieredStopAtLevel=1 -Dspring.boot.project.name=Hierophant -Dfile.encoding=UTF-8 -XX:+ShowCodeDetailsInExceptionMessages 
java_command: com.hierophant.HierophantApplication --spring.output.ansi.enabled=always
java_class_path (initial): C:\Users\erick\Desktop\Hierophant\backend\Hierophant-backend\target\classes;C:\Users\erick\.m2\repository\com\amazonaws\aws-java-sdk\1.12.78\aws-java-sdk-1.12.78.jar;C:\Users\erick\.m2\repository\com\amazonaws\aws-java-sdk-cloudcontrolapi\1.12.78\aws-java-sdk-cloudcontrolapi-1.12.78.jar;C:\Users\erick\.m2\repository\com\amazonaws\aws-java-sdk-account\1.12.78\aws-java-sdk-account-1.12.78.jar;C:\Users\erick\.m2\repository\com\amazonaws\aws-java-sdk-voiceid\1.12.78\aws-java-sdk-voiceid-1.12.78.jar;C:\Users\erick\.m2\repository\com\amazonaws\aws-java-sdk-connectwisdom\1.12.78\aws-java-sdk-connectwisdom-1.12.78.jar;C:\Users\erick\.m2\repository\com\amazonaws\aws-java-sdk-kafkaconnect\1.12.78\aws-java-sdk-kafkaconnect-1.12.78.jar;C:\Users\erick\.m2\repository\com\amazonaws\aws-java-sdk-opensearch\1.12.78\aws-java-sdk-opensearch-1.12.78.jar;C:\Users\erick\.m2\repository\com\amazonaws\aws-java-sdk-memorydb\1.12.78\aws-java-sdk-memorydb-1.12.78.jar;C:\Users\erick\.m2\repository\com\amazonaws\aws-java-sdk-snowdevicemanagement\1.12.78\aws-java-sdk-snowdevicemanagement-1.12.78.jar;C:\Users\erick\.m2\repository\com\amazonaws\aws-java-sdk-chimesdkidentity\1.12.78\aws-java-sdk-chimesdkidentity-1.12.78.jar;C:\Users\erick\.m2\repository\com\amazonaws\aws-java-sdk-chimesdkmessaging\1.12.78\aws-java-sdk-chimesdkmessaging-1.12.78.jar;C:\Users\erick\.m2\repository\com\amazonaws\aws-java-sdk-route53recoverycluster\1.12.78\aws-java-sdk-route53recoverycluster-1.12.78.jar;C:\Users\erick\.m2\repository\com\amazonaws\aws-java-sdk-route53recoverycontrolconfig\1.12.78\aws-java-sdk-route53recoverycontrolconfig-1.12.78.jar;C:\Users\erick\.m2\repository\com\amazonaws\aws-java-sdk-route53recoveryreadiness\1.12.78\aws-java-sdk-route53recoveryreadiness-1.12.78.jar;C:\Users\erick\.m2\repository\com\amazonaws\aws-java-sdk-proton\1.12.78\aws-java-sdk-proton-1.12.78.jar;C:\Users\erick\.m2\repository\com\amazonaws\aws-java-sdk-apprunner\1.12.78\aws-java-sdk-apprunner-1.12.78.j
Launcher Type: SUN_STANDARD

[Global flags]
     intx CICompilerCount                          = 3                                         {product} {ergonomic}
     uint ConcGCThreads                            = 1                                         {product} {ergonomic}
     uint G1ConcRefinementThreads                  = 4                                         {product} {ergonomic}
   size_t G1HeapRegionSize                         = 1048576                                   {product} {ergonomic}
    uintx GCDrainStackTargetSize                   = 64                                        {product} {ergonomic}
   size_t InitialHeapSize                          = 67108864                                  {product} {ergonomic}
     bool ManagementServer                         = true                                      {product} {command line}
   size_t MarkStackSize                            = 4194304                                   {product} {ergonomic}
   size_t MaxHeapSize                              = 1044381696                                {product} {ergonomic}
   size_t MaxNewSize                               = 625999872                                 {product} {ergonomic}
   size_t MinHeapDeltaBytes                        = 1048576                                   {product} {ergonomic}
   size_t MinHeapSize                              = 8388608                                   {product} {ergonomic}
    uintx NonNMethodCodeHeapSize                   = 6973028                                {pd product} {ergonomic}
    uintx NonProfiledCodeHeapSize                  = 244685212                              {pd product} {ergonomic}
    uintx ProfiledCodeHeapSize                     = 0                                      {pd product} {ergonomic}
    uintx ReservedCodeCacheSize                    = 251658240                              {pd product} {ergonomic}
     bool SegmentedCodeCache                       = true                                      {product} {ergonomic}
     bool ShowCodeDetailsInExceptionMessages       = true                                   {manageable} {command line}
   size_t SoftMaxHeapSize                          = 1044381696                             {manageable} {ergonomic}
     intx TieredStopAtLevel                        = 1                                         {product} {command line}
     bool UseCompressedClassPointers               = true                           {product lp64_product} {ergonomic}
     bool UseCompressedOops                        = true                           {product lp64_product} {ergonomic}
     bool UseG1GC                                  = true                                      {product} {ergonomic}
     bool UseLargePagesIndividualAllocation        = false                                  {pd product} {ergonomic}

Logging:
Log output configuration:
 #0: stdout all=warning uptime,level,tags
 #1: stderr all=off uptime,level,tags

Environment Variables:
JAVA_HOME=C:\Program Files\Java\jdk1.8.0_301
PATH=C:/Users/erick/Downloads/sts-4.11.1.RELEASE//plugins/org.eclipse.justj.openjdk.hotspot.jre.full.win32.x86_64_16.0.2.v20210721-1149/jre/bin/server;C:/Users/erick/Downloads/sts-4.11.1.RELEASE//plugins/org.eclipse.justj.openjdk.hotspot.jre.full.win32.x86_64_16.0.2.v20210721-1149/jre/bin;C:\Program Files (x86)\Common Files\Oracle\Java\javapath;C:\WINDOWS\system32;C:\WINDOWS;C:\WINDOWS\System32\Wbem;C:\WINDOWS\System32\WindowsPowerShell\v1.0\;C:\WINDOWS\System32\OpenSSH\;C:\Program Files (x86)\GtkSharp\2.12\bin;C:\Program Files (x86)\Windows Kits\10\Windows Performance Toolkit\;C:\Program Files\nodejs\;C:\Program Files\Git\cmd;C:\Program Files\Java\jdk1.8.0_301\bin;C:\Maven\apache-maven-3.8.2\bin;;C:\Program Files\Docker\Docker\resources\bin;C:\ProgramData\DockerDesktop\version-bin;C:\Users\erick\AppData\Local\Microsoft\WindowsApps;C:\Users\erick\AppData\Roaming\npm;;C:\Users\erick\AppData\Local\Programs\Microsoft VS Code\bin;C:\Users\erick\Downloads\sts-4.11.1.RELEASE;
USERNAME=erick
OS=Windows_NT
PROCESSOR_IDENTIFIER=Intel64 Family 6 Model 142 Stepping 12, GenuineIntel



---------------  S Y S T E M  ---------------

OS:
 Windows 10 , 64 bit Build 19041 (10.0.19041.1202)
OS uptime: 0 days 22:39 hours
Hyper-V role detected

CPU: total 4 (initial active 4) (2 cores per cpu, 2 threads per core) family 6 model 142 stepping 12 microcode 0xb8, cx8, cmov, fxsr, ht, mmx, 3dnowpref, sse, sse2, sse3, ssse3, sse4.1, sse4.2, popcnt, lzcnt, tsc, tscinvbit, aes, erms, clmul, clflush, clflushopt, hv

Memory: 4k page, system-wide physical 3976M (73M free)
TotalPageFile size 16264M (AvailPageFile size 6M)
current process WorkingSet (physical memory assigned to process): 118M, peak: 263M
current process commit charge ("private bytes"): 479M, peak: 487M

vm_info: OpenJDK 64-Bit Server VM (16.0.2+7-67) for windows-amd64 JRE (16.0.2+7-67), built on Jun  8 2021 23:21:43 by "mach5one" with MS VC++ 16.7 (VS2019)

END.
